Arguments: 
  /opt/homebrew/Cellar/node/15.14.0/bin/node /opt/homebrew/Cellar/yarn/1.22.10/libexec/bin/yarn.js init

PATH: 
  /opt/homebrew/bin:/opt/homebrew/sbin:/usr/local/bin:/usr/bin:/bin:/usr/sbin:/sbin:/opt/homebrew/bin:/opt/homebrew/sbin

Yarn version: 
  1.22.10

Node version: 
  15.14.0

Platform: 
  darwin arm64

Trace: 
  Error: canceled
      at Interface.<anonymous> (/opt/homebrew/Cellar/yarn/1.22.10/libexec/lib/cli.js:137009:13)
      at Interface.emit (node:events:369:20)
      at Interface._ttyWrite (node:readline:999:16)
      at ReadStream.onkeypress (node:readline:267:10)
      at ReadStream.emit (node:events:369:20)
      at emitKeys (node:internal/readline/utils:358:14)
      at emitKeys.next (<anonymous>)
      at ReadStream.onData (node:readline:1268:36)
      at ReadStream.emit (node:events:369:20)
      at addChunk (node:internal/streams/readable:313:12)

npm manifest: 
  {
    "name": "move-css",
    "version": "1.0.0",
    "main": "main.js",
    "repository": "git@github.com:xiaoyuAnd/move-css.git",
    "author": "Frank <2521647197@qq.com>",
    "license": "MIT",
    "scripts": {
      "dev": "parcel src/index.html",
      "build": "rm -rf dist && parcel build src/index.html --public-url ./ --no-cache --no-minify"
                
    }
  }

yarn manifest: 
  No manifest

Lockfile: 
  No lockfile
